[0.010s] Invoking command in '/home/thanika/dev_ws/build/my_bot': CMAKE_PREFIX_PATH=/opt/ros/humble /usr/bin/cmake /home/thanika/dev_ws/src/my_bot -DCMAKE_INSTALL_PREFIX=/home/thanika/dev_ws/install/my_bot
[0.113s] -- The C compiler identification is GNU 11.4.0
[0.204s] -- The CXX compiler identification is GNU 11.4.0
[0.211s] -- Detecting C compiler ABI info
[0.280s] -- Detecting C compiler ABI info - done
[0.285s] -- Check for working C compiler: /usr/bin/cc - skipped
[0.285s] -- Detecting C compile features
[0.285s] -- Detecting C compile features - done
[0.288s] -- Detecting CXX compiler ABI info
[0.351s] -- Detecting CXX compiler ABI info - done
[0.355s] -- Check for working CXX compiler: /usr/bin/c++ - skipped
[0.356s] -- Detecting CXX compile features
[0.356s] -- Detecting CXX compile features - done
[0.359s] -- Found ament_cmake: 1.3.12 (/opt/ros/humble/share/ament_cmake/cmake)
[0.469s] -- Found Python3: /usr/bin/python3 (found version "3.10.12") found components: Interpreter 
[0.536s] -- Found ament_lint_auto: 0.12.14 (/opt/ros/humble/share/ament_lint_auto/cmake)
[0.592s] -- Added test 'copyright' to check source files copyright and LICENSE
[0.596s] -- Added test 'flake8' to check Python code syntax and style conventions
[0.597s] -- Added test 'lint_cmake' to check CMake code style
[0.597s] -- Added test 'pep257' to check Python code against some of the docstring style conventions in PEP 257
[0.599s] -- Added test 'xmllint' to check XML markup files
[0.600s] -- Configuring done
[0.602s] -- Generating done
[0.603s] -- Build files have been written to: /home/thanika/dev_ws/build/my_bot
[0.607s] Invoked command in '/home/thanika/dev_ws/build/my_bot' returned '0': CMAKE_PREFIX_PATH=/opt/ros/humble /usr/bin/cmake /home/thanika/dev_ws/src/my_bot -DCMAKE_INSTALL_PREFIX=/home/thanika/dev_ws/install/my_bot
[0.608s] Invoking command in '/home/thanika/dev_ws/build/my_bot': CMAKE_PREFIX_PATH=/opt/ros/humble /usr/bin/cmake --build /home/thanika/dev_ws/build/my_bot -- -j8 -l8
[0.638s] Invoked command in '/home/thanika/dev_ws/build/my_bot' returned '0': CMAKE_PREFIX_PATH=/opt/ros/humble /usr/bin/cmake --build /home/thanika/dev_ws/build/my_bot -- -j8 -l8
[0.646s] Invoking command in '/home/thanika/dev_ws/build/my_bot': CMAKE_PREFIX_PATH=/opt/ros/humble /usr/bin/cmake --install /home/thanika/dev_ws/build/my_bot
[0.653s] -- Install configuration: ""
[0.653s] -- Installing: /home/thanika/dev_ws/install/my_bot/share/my_bot/config
[0.653s] -- Installing: /home/thanika/dev_ws/install/my_bot/share/my_bot/config/empty.yaml
[0.653s] -- Installing: /home/thanika/dev_ws/install/my_bot/share/my_bot/description
[0.653s] -- Installing: /home/thanika/dev_ws/install/my_bot/share/my_bot/description/robot.urdf.xacro
[0.653s] -- Installing: /home/thanika/dev_ws/install/my_bot/share/my_bot/launch
[0.653s] -- Installing: /home/thanika/dev_ws/install/my_bot/share/my_bot/launch/rsp.launch.py
[0.653s] -- Installing: /home/thanika/dev_ws/install/my_bot/share/my_bot/worlds
[0.653s] -- Installing: /home/thanika/dev_ws/install/my_bot/share/my_bot/worlds/empty.world
[0.653s] -- Installing: /home/thanika/dev_ws/install/my_bot/share/ament_index/resource_index/package_run_dependencies/my_bot
[0.653s] -- Installing: /home/thanika/dev_ws/install/my_bot/share/ament_index/resource_index/parent_prefix_path/my_bot
[0.653s] -- Installing: /home/thanika/dev_ws/install/my_bot/share/my_bot/environment/ament_prefix_path.sh
[0.653s] -- Installing: /home/thanika/dev_ws/install/my_bot/share/my_bot/environment/ament_prefix_path.dsv
[0.653s] -- Installing: /home/thanika/dev_ws/install/my_bot/share/my_bot/environment/path.sh
[0.653s] -- Installing: /home/thanika/dev_ws/install/my_bot/share/my_bot/environment/path.dsv
[0.654s] -- Installing: /home/thanika/dev_ws/install/my_bot/share/my_bot/local_setup.bash
[0.654s] -- Installing: /home/thanika/dev_ws/install/my_bot/share/my_bot/local_setup.sh
[0.654s] -- Installing: /home/thanika/dev_ws/install/my_bot/share/my_bot/local_setup.zsh
[0.654s] -- Installing: /home/thanika/dev_ws/install/my_bot/share/my_bot/local_setup.dsv
[0.654s] -- Installing: /home/thanika/dev_ws/install/my_bot/share/my_bot/package.dsv
[0.654s] -- Installing: /home/thanika/dev_ws/install/my_bot/share/ament_index/resource_index/packages/my_bot
[0.654s] -- Installing: /home/thanika/dev_ws/install/my_bot/share/my_bot/cmake/my_botConfig.cmake
[0.654s] -- Installing: /home/thanika/dev_ws/install/my_bot/share/my_bot/cmake/my_botConfig-version.cmake
[0.654s] -- Installing: /home/thanika/dev_ws/install/my_bot/share/my_bot/package.xml
[0.656s] Invoked command in '/home/thanika/dev_ws/build/my_bot' returned '0': CMAKE_PREFIX_PATH=/opt/ros/humble /usr/bin/cmake --install /home/thanika/dev_ws/build/my_bot
